# JRE version: Java(TM) SE Runtime Environment (15.0.1+9) (build 15.0.1+9-18)
# Java VM: Java HotSpot(TM) 64-Bit Server VM (15.0.1+9-18, mixed mode, sharing, tiered, compressed oops, g1 gc, windows-amd64)
GC Precious Log:
 CPUs: 8 total, 8 available
 Memory: 16227M
 Large Page Support: Disabled
 NUMA Support: Disabled
 Compressed Oops: Enabled (Zero based)
 Heap Region Size: 2M
 Heap Min Capacity: 8M
 Heap Initial Capacity: 254M
 Heap Max Capacity: 4058M
 Pre-touch: Disabled
 Parallel Workers: 8
 Concurrent Workers: 2
 Concurrent Refinement Workers: 8
 Periodic GC: Disabled
Heap:
 garbage-first heap   total 520192K, used 411290K [0x0000000702600000, 0x0000000800000000)
  region size 2048K, 123 young (251904K), 14 survivors (28672K)
 Metaspace       used 63960K, capacity 64508K, committed 64616K, reserved 1105920K
  class space    used 7429K, capacity 7611K, committed 7680K, reserved 1048576K
GC Heap History (20 events):
Event: 6.854 GC heap after
{Heap after GC invocations=27 (full 0):
 garbage-first heap   total 182272K, used 76258K [0x0000000702600000, 0x0000000800000000)
  region size 2048K, 3 young (6144K), 3 survivors (6144K)
 Metaspace       used 41970K, capacity 42358K, committed 42472K, reserved 1087488K
  class space    used 4802K, capacity 4909K, committed 4992K, reserved 1048576K
}
Event: 7.155 GC heap before
{Heap before GC invocations=27 (full 0):
 garbage-first heap   total 182272K, used 139746K [0x0000000702600000, 0x0000000800000000)
  region size 2048K, 34 young (69632K), 3 survivors (6144K)
 Metaspace       used 44874K, capacity 45269K, committed 45288K, reserved 1089536K
  class space    used 5115K, capacity 5238K, committed 5248K, reserved 1048576K
}
Event: 7.162 GC heap after
{Heap after GC invocations=28 (full 0):
 garbage-first heap   total 346112K, used 78116K [0x0000000702600000, 0x0000000800000000)
  region size 2048K, 4 young (8192K), 4 survivors (8192K)
 Metaspace       used 44874K, capacity 45269K, committed 45288K, reserved 1089536K
  class space    used 5115K, capacity 5238K, committed 5248K, reserved 1048576K
}
Event: 8.104 GC heap before
{Heap before GC invocations=28 (full 0):
 garbage-first heap   total 346112K, used 262436K [0x0000000702600000, 0x0000000800000000)
  region size 2048K, 94 young (192512K), 4 survivors (8192K)
 Metaspace       used 51721K, capacity 52209K, committed 52328K, reserved 1095680K
  class space    used 5942K, capacity 6119K, committed 6144K, reserved 1048576K
}
Event: 8.113 GC heap after
{Heap after GC invocations=29 (full 0):
 garbage-first heap   total 346112K, used 81745K [0x0000000702600000, 0x0000000800000000)
  region size 2048K, 5 young (10240K), 5 survivors (10240K)
 Metaspace       used 51721K, capacity 52209K, committed 52328K, reserved 1095680K
  class space    used 5942K, capacity 6119K, committed 6144K, reserved 1048576K
}
Event: 8.345 GC heap before
{Heap before GC invocations=29 (full 0):
 garbage-first heap   total 346112K, used 274257K [0x0000000702600000, 0x0000000800000000)
  region size 2048K, 99 young (202752K), 5 survivors (10240K)
 Metaspace       used 51730K, capacity 52212K, committed 52328K, reserved 1095680K
  class space    used 5943K, capacity 6120K, committed 6144K, reserved 1048576K
}
Event: 8.352 GC heap after
{Heap after GC invocations=30 (full 0):
 garbage-first heap   total 346112K, used 82386K [0x0000000702600000, 0x0000000800000000)
  region size 2048K, 6 young (12288K), 6 survivors (12288K)
 Metaspace       used 51730K, capacity 52212K, committed 52328K, reserved 1095680K
  class space    used 5943K, capacity 6120K, committed 6144K, reserved 1048576K
}
Event: 26.143 GC heap before
{Heap before GC invocations=30 (full 0):
 garbage-first heap   total 346112K, used 276946K [0x0000000702600000, 0x0000000800000000)
  region size 2048K, 101 young (206848K), 6 survivors (12288K)
 Metaspace       used 58819K, capacity 59341K, committed 59496K, reserved 1101824K
  class space    used 6872K, capacity 7054K, committed 7168K, reserved 1048576K
}
Event: 26.153 GC heap after
{Heap after GC invocations=31 (full 0):
 garbage-first heap   total 346112K, used 85841K [0x0000000702600000, 0x0000000800000000)
  region size 2048K, 7 young (14336K), 7 survivors (14336K)
 Metaspace       used 58819K, capacity 59341K, committed 59496K, reserved 1101824K
  class space    used 6872K, capacity 7054K, committed 7168K, reserved 1048576K
}
Event: 31.957 GC heap before
{Heap before GC invocations=31 (full 0):
 garbage-first heap   total 346112K, used 333649K [0x0000000702600000, 0x0000000800000000)
  region size 2048K, 101 young (206848K), 7 survivors (14336K)
 Metaspace       used 61823K, capacity 62418K, committed 62568K, reserved 1103872K
  class space    used 7145K, capacity 7352K, committed 7424K, reserved 1048576K
}
Event: 31.967 GC heap after
{Heap after GC invocations=32 (full 0):
 garbage-first heap   total 352256K, used 143052K [0x0000000702600000, 0x0000000800000000)
  region size 2048K, 7 young (14336K), 7 survivors (14336K)
 Metaspace       used 61823K, capacity 62418K, committed 62568K, reserved 1103872K
  class space    used 7145K, capacity 7352K, committed 7424K, reserved 1048576K
}
Event: 35.202 GC heap before
{Heap before GC invocations=32 (full 0):
 garbage-first heap   total 352256K, used 241356K [0x0000000702600000, 0x0000000800000000)
  region size 2048K, 43 young (88064K), 7 survivors (14336K)
 Metaspace       used 63848K, capacity 64432K, committed 64616K, reserved 1105920K
  class space    used 7428K, capacity 7609K, committed 7680K, reserved 1048576K
}
Event: 35.210 GC heap after
{Heap after GC invocations=33 (full 0):
 garbage-first heap   total 352256K, used 121978K [0x0000000702600000, 0x0000000800000000)
  region size 2048K, 6 young (12288K), 6 survivors (12288K)
 Metaspace       used 63848K, capacity 64432K, committed 64616K, reserved 1105920K
  class space    used 7428K, capacity 7609K, committed 7680K, reserved 1048576K
}
Event: 38.602 GC heap before
{Heap before GC invocations=34 (full 0):
 garbage-first heap   total 352256K, used 257146K [0x0000000702600000, 0x0000000800000000)
  region size 2048K, 52 young (106496K), 6 survivors (12288K)
 Metaspace       used 63849K, capacity 64432K, committed 64616K, reserved 1105920K
  class space    used 7428K, capacity 7609K, committed 7680K, reserved 1048576K
}
Event: 38.609 GC heap after
{Heap after GC invocations=35 (full 0):
 garbage-first heap   total 352256K, used 130082K [0x0000000702600000, 0x0000000800000000)
  region size 2048K, 6 young (12288K), 6 survivors (12288K)
 Metaspace       used 63849K, capacity 64432K, committed 64616K, reserved 1105920K
  class space    used 7428K, capacity 7609K, committed 7680K, reserved 1048576K
}
Event: 43.188 GC heap before
{Heap before GC invocations=36 (full 0):
 garbage-first heap   total 352256K, used 347170K [0x0000000702600000, 0x0000000800000000)
  region size 2048K, 80 young (163840K), 6 survivors (12288K)
 Metaspace       used 63946K, capacity 64508K, committed 64616K, reserved 1105920K
  class space    used 7429K, capacity 7611K, committed 7680K, reserved 1048576K
}
Event: 43.245 GC heap after
{Heap after GC invocations=37 (full 0):
 garbage-first heap   total 401408K, used 188021K [0x0000000702600000, 0x0000000800000000)
  region size 2048K, 12 young (24576K), 12 survivors (24576K)
 Metaspace       used 63946K, capacity 64508K, committed 64616K, reserved 1105920K
  class space    used 7429K, capacity 7611K, committed 7680K, reserved 1048576K
}
Event: 43.274 GC heap before
{Heap before GC invocations=37 (full 0):
 garbage-first heap   total 401408K, used 190069K [0x0000000702600000, 0x0000000800000000)
  region size 2048K, 13 young (26624K), 12 survivors (24576K)
 Metaspace       used 63946K, capacity 64508K, committed 64616K, reserved 1105920K
  class space    used 7429K, capacity 7611K, committed 7680K, reserved 1048576K
}
Event: 43.304 GC heap after
{Heap after GC invocations=38 (full 0):
 garbage-first heap   total 483328K, used 159386K [0x0000000702600000, 0x0000000800000000)
  region size 2048K, 2 young (4096K), 2 survivors (4096K)
 Metaspace       used 63946K, capacity 64508K, committed 64616K, reserved 1105920K
  class space    used 7429K, capacity 7611K, committed 7680K, reserved 1048576K
}
Event: 46.445 GC heap before
{Heap before GC invocations=38 (full 0):
 garbage-first heap   total 483328K, used 411290K [0x0000000702600000, 0x0000000800000000)
  region size 2048K, 111 young (227328K), 2 survivors (4096K)
 Metaspace       used 63960K, capacity 64508K, committed 64616K, reserved 1105920K
  class space    used 7429K, capacity 7611K, committed 7680K, reserved 1048576K
}

